<?xml version="1.0" encoding="UTF-8"?>
<!-- Generated by org.testng.reporters.JUnitReportReporter -->
<testsuite hostname="DESKTOP-8343GOC" failures="0" tests="4" name="parameterization.NewLoginTest" time="0.031" errors="0" timestamp="19 Apr 2019 05:13:50 GMT" skipped="0">
  <testcase classname="parameterization.NewLoginTest" name="testLogin" time="0.031"/>
  <testcase classname="parameterization.NewLoginTest" name="testUserReg" time="0.000"/>
  <testcase classname="parameterization.NewLoginTest" name="testUserReg" time="0.000"/>
  <testcase classname="parameterization.NewLoginTest" name="testLogin" time="0.000"/>
</testsuite> <!-- parameterization.NewLoginTest -->
