<?xml version="1.0" encoding="UTF-8"?>
<!-- Generated by org.testng.reporters.JUnitReportReporter -->
<testsuite hostname="DESKTOP-8343GOC" failures="0" tests="2" name="ParallelTest.TestBrowser" time="4.122" errors="0" timestamp="19 Apr 2019 10:23:25 GMT" skipped="0">
  <testcase classname="ParallelTest.TestBrowser" name="doLogin" time="2.061"/>
  <testcase classname="ParallelTest.TestBrowser" name="doLogin" time="2.061"/>
</testsuite> <!-- ParallelTest.TestBrowser -->
