<?xml version="1.0" encoding="UTF-8"?>
<!-- Generated by org.testng.reporters.JUnitReportReporter -->
<testsuite hostname="DESKTOP-8343GOC" failures="0" tests="3" name="parameterization.TestParameterization" time="0.015" errors="0" timestamp="15 Apr 2019 12:43:32 GMT" skipped="0">
  <testcase classname="parameterization.TestParameterization" name="doLogin" time="0.015"/>
  <testcase classname="parameterization.TestParameterization" name="doLogin" time="0.000"/>
  <testcase classname="parameterization.TestParameterization" name="doLogin" time="0.000"/>
</testsuite> <!-- parameterization.TestParameterization -->
