<?xml version="1.0" encoding="UTF-8"?>
<!-- Generated by org.testng.reporters.JUnitReportReporter -->
<testsuite hostname="DESKTOP-8343GOC" failures="0" tests="2" name="ParallelTest.TestParallelDP" time="4.116" errors="0" timestamp="19 Apr 2019 11:03:54 GMT" skipped="0">
  <testcase classname="ParallelTest.TestParallelDP" name="doLogin" time="2.058"/>
  <testcase classname="ParallelTest.TestParallelDP" name="doLogin" time="2.058"/>
</testsuite> <!-- ParallelTest.TestParallelDP -->
