<?xml version="1.0" encoding="UTF-8"?>
<!-- Generated by org.testng.reporters.JUnitReportReporter -->
<testsuite hostname="DESKTOP-8343GOC" failures="0" tests="1" name="TestNGLearning.TestCase3" time="0.015" errors="0" timestamp="11 Apr 2019 13:15:01 GMT" skipped="0">
  <testcase classname="TestNGLearning.TestCase3" name="FourthTest" time="0.015"/>
</testsuite> <!-- TestNGLearning.TestCase3 -->
