<?xml version="1.0" encoding="UTF-8"?>
<!-- Generated by org.testng.reporters.JUnitReportReporter -->
<testsuite hostname="DESKTOP-8343GOC" failures="0" tests="2" name="TestNGLearning.TestCases1" time="0.031" errors="0" timestamp="20 Apr 2019 12:04:11 GMT" skipped="0">
  <testcase classname="TestNGLearning.TestCases1" name="doUserReg" time="0.015"/>
  <testcase classname="TestNGLearning.TestCases1" name="doLogin" time="0.016"/>
</testsuite> <!-- TestNGLearning.TestCases1 -->
