<?xml version="1.0" encoding="UTF-8"?>
<!-- Generated by org.testng.reporters.JUnitReportReporter -->
<testsuite hostname="DESKTOP-8343GOC" failures="0" tests="2" name="parameterization.TestParametersFromXML" time="0.041" errors="0" timestamp="19 Apr 2019 09:50:05 GMT" skipped="0">
  <testcase classname="parameterization.TestParametersFromXML" name="getBrowser" time="0.004"/>
  <testcase classname="parameterization.TestParametersFromXML" name="getBrowser" time="0.037"/>
</testsuite> <!-- parameterization.TestParametersFromXML -->
