<?xml version="1.0" encoding="UTF-8"?>
<!-- Generated by org.testng.reporters.JUnitReportReporter -->
<testsuite hostname="DESKTOP-8343GOC" failures="0" tests="3" name="parameterization.TestNGParameterizationExcel" time="0.097" errors="0" timestamp="19 Apr 2019 05:13:11 GMT" skipped="0">
  <testcase classname="parameterization.TestNGParameterizationExcel" name="testData" time="0.063"/>
  <testcase classname="parameterization.TestNGParameterizationExcel" name="testData" time="0.015"/>
  <testcase classname="parameterization.TestNGParameterizationExcel" name="testData" time="0.019"/>
</testsuite> <!-- parameterization.TestNGParameterizationExcel -->
