<?xml version="1.0" encoding="UTF-8"?>
<!-- Generated by org.testng.reporters.JUnitReportReporter -->
<testsuite skipped="1" hostname="DESKTOP-68LHO35" name="TestNGLearning.TestSkip" tests="1" failures="0" timestamp="12 Apr 2019 16:36:25 GMT" time="0.016" errors="0">
  <testcase name="isSkip" time="0.016" classname="TestNGLearning.TestSkip">
    <skipped/>
  </testcase> <!-- isSkip -->
</testsuite> <!-- TestNGLearning.TestSkip -->
