<?xml version="1.0" encoding="UTF-8"?>
<!-- Generated by org.testng.reporters.JUnitReportReporter -->
<testsuite skipped="0" hostname="DESKTOP-68LHO35" name="TestNGLearning.TestCases1" tests="2" failures="0" timestamp="12 Apr 2019 17:46:39 GMT" time="0.000" errors="0">
  <testcase name="doUserReg" time="0.000" classname="TestNGLearning.TestCases1"/>
  <testcase name="doLogin" time="0.000" classname="TestNGLearning.TestCases1"/>
</testsuite> <!-- TestNGLearning.TestCases1 -->
