<?xml version="1.0" encoding="UTF-8"?>
<!-- Generated by org.testng.reporters.JUnitReportReporter -->
<testsuite skipped="0" hostname="DESKTOP-68LHO35" name="parameterization.DataProviders" tests="2" failures="0" timestamp="17 Apr 2019 17:26:54 GMT" time="0.021" errors="0">
  <testcase name="testData" time="0.006" classname="parameterization.DataProviders"/>
  <testcase name="testData" time="0.015" classname="parameterization.DataProviders"/>
</testsuite> <!-- parameterization.DataProviders -->
