<?xml version="1.0" encoding="UTF-8"?>
<!-- Generated by org.testng.reporters.JUnitReportReporter -->
<testsuite skipped="0" hostname="DESKTOP-68LHO35" name="parameterization.TestNGParameterizationExcel" tests="4" failures="0" timestamp="18 Apr 2019 16:02:27 GMT" time="0.088" errors="0">
  <testcase name="testData" time="0.003" classname="parameterization.TestNGParameterizationExcel"/>
  <testcase name="testData" time="0.080" classname="parameterization.TestNGParameterizationExcel"/>
  <testcase name="testData" time="0.003" classname="parameterization.TestNGParameterizationExcel"/>
  <testcase name="testData" time="0.002" classname="parameterization.TestNGParameterizationExcel"/>
</testsuite> <!-- parameterization.TestNGParameterizationExcel -->
